# JRE version: Java(TM) SE Runtime Environment (8.0_73-b02) (build 1.8.0_73-b02)
# Java VM: Java HotSpot(TM) 64-Bit Server VM (25.73-b02 mixed mode bsd-amd64 compressed oops)
Heap:
 PSYoungGen      total 595456K, used 174424K [0x0000000795580000, 0x00000007bca80000, 0x00000007c0000000)
  eden space 585728K, 29% used [0x0000000795580000,0x000000079ffbe258,0x00000007b9180000)
  from space 9728K, 0% used [0x00000007bc100000,0x00000007bc118000,0x00000007bca80000)
  to   space 29184K, 0% used [0x00000007b9180000,0x00000007b9180000,0x00000007bae00000)
 ParOldGen       total 125440K, used 57097K [0x0000000740000000, 0x0000000747a80000, 0x0000000795580000)
  object space 125440K, 45% used [0x0000000740000000,0x00000007437c2620,0x0000000747a80000)
 Metaspace       used 19584K, capacity 19759K, committed 19968K, reserved 1067008K
  class space    used 1935K, capacity 2014K, committed 2048K, reserved 1048576K
GC Heap History (10 events):
Event: 11.017 GC heap before
{Heap before GC invocations=11 (full 1):
 PSYoungGen      total 294912K, used 266240K [0x0000000795580000, 0x00000007b2e80000, 0x00000007c0000000)
  eden space 266240K, 100% used [0x0000000795580000,0x00000007a5980000,0x00000007a5980000)
  from space 28672K, 0% used [0x00000007a5980000,0x00000007a5980000,0x00000007a7580000)
  to   space 29184K, 0% used [0x00000007b1200000,0x00000007b1200000,0x00000007b2e80000)
 ParOldGen       total 125440K, used 56945K [0x0000000740000000, 0x0000000747a80000, 0x0000000795580000)
  object space 125440K, 45% used [0x0000000740000000,0x000000074379c620,0x0000000747a80000)
 Metaspace       used 19379K, capacity 19599K, committed 19968K, reserved 1067008K
  class space    used 1926K, capacity 1982K, committed 2048K, reserved 1048576K
Event: 11.017 GC heap after
Heap after GC invocations=11 (full 1):
 PSYoungGen      total 365568K, used 128K [0x0000000795580000, 0x00000007b1280000, 0x00000007c0000000)
  eden space 365056K, 0% used [0x0000000795580000,0x0000000795580000,0x00000007aba00000)
  from space 512K, 25% used [0x00000007b1200000,0x00000007b1220000,0x00000007b1280000)
  to   space 30208K, 0% used [0x00000007ad780000,0x00000007ad780000,0x00000007af500000)
 ParOldGen       total 125440K, used 56945K [0x0000000740000000, 0x0000000747a80000, 0x0000000795580000)
  object space 125440K, 45% used [0x0000000740000000,0x000000074379c620,0x0000000747a80000)
 Metaspace       used 19379K, capacity 19599K, committed 19968K, reserved 1067008K
  class space    used 1926K, capacity 1982K, committed 2048K, reserved 1048576K
}
Event: 13.442 GC heap before
{Heap before GC invocations=12 (full 1):
 PSYoungGen      total 365568K, used 365184K [0x0000000795580000, 0x00000007b1280000, 0x00000007c0000000)
  eden space 365056K, 100% used [0x0000000795580000,0x00000007aba00000,0x00000007aba00000)
  from space 512K, 25% used [0x00000007b1200000,0x00000007b1220000,0x00000007b1280000)
  to   space 30208K, 0% used [0x00000007ad780000,0x00000007ad780000,0x00000007af500000)
 ParOldGen       total 125440K, used 56945K [0x0000000740000000, 0x0000000747a80000, 0x0000000795580000)
  object space 125440K, 45% used [0x0000000740000000,0x000000074379c620,0x0000000747a80000)
 Metaspace       used 19405K, capacity 19599K, committed 19968K, reserved 1067008K
  class space    used 1926K, capacity 1982K, committed 2048K, reserved 1048576K
Event: 13.443 GC heap after
Heap after GC invocations=12 (full 1):
 PSYoungGen      total 425472K, used 96K [0x0000000795580000, 0x00000007b6a80000, 0x00000007c0000000)
  eden space 395264K, 0% used [0x0000000795580000,0x0000000795580000,0x00000007ad780000)
  from space 30208K, 0% used [0x00000007ad780000,0x00000007ad798000,0x00000007af500000)
  to   space 30208K, 0% used [0x00000007b4d00000,0x00000007b4d00000,0x00000007b6a80000)
 ParOldGen       total 125440K, used 57009K [0x0000000740000000, 0x0000000747a80000, 0x0000000795580000)
  object space 125440K, 45% used [0x0000000740000000,0x00000007437ac620,0x0000000747a80000)
 Metaspace       used 19405K, capacity 19599K, committed 19968K, reserved 1067008K
  class space    used 1926K, capacity 1982K, committed 2048K, reserved 1048576K
}
Event: 16.082 GC heap before
{Heap before GC invocations=13 (full 1):
 PSYoungGen      total 425472K, used 395360K [0x0000000795580000, 0x00000007b6a80000, 0x00000007c0000000)
  eden space 395264K, 100% used [0x0000000795580000,0x00000007ad780000,0x00000007ad780000)
  from space 30208K, 0% used [0x00000007ad780000,0x00000007ad798000,0x00000007af500000)
  to   space 30208K, 0% used [0x00000007b4d00000,0x00000007b4d00000,0x00000007b6a80000)
 ParOldGen       total 125440K, used 57009K [0x0000000740000000, 0x0000000747a80000, 0x0000000795580000)
  object space 125440K, 45% used [0x0000000740000000,0x00000007437ac620,0x0000000747a80000)
 Metaspace       used 19451K, capacity 19599K, committed 19968K, reserved 1067008K
  class space    used 1927K, capacity 1982K, committed 2048K, reserved 1048576K
Event: 16.083 GC heap after
Heap after GC invocations=13 (full 1):
 PSYoungGen      total 515584K, used 128K [0x0000000795580000, 0x00000007b8180000, 0x00000007c0000000)
  eden space 485376K, 0% used [0x0000000795580000,0x0000000795580000,0x00000007b2f80000)
  from space 30208K, 0% used [0x00000007b4d00000,0x00000007b4d20000,0x00000007b6a80000)
  to   space 30208K, 0% used [0x00000007b2f80000,0x00000007b2f80000,0x00000007b4d00000)
 ParOldGen       total 125440K, used 57033K [0x0000000740000000, 0x0000000747a80000, 0x0000000795580000)
  object space 125440K, 45% used [0x0000000740000000,0x00000007437b2620,0x0000000747a80000)
 Metaspace       used 19451K, capacity 19599K, committed 19968K, reserved 1067008K
  class space    used 1927K, capacity 1982K, committed 2048K, reserved 1048576K
}
Event: 19.206 GC heap before
{Heap before GC invocations=14 (full 1):
 PSYoungGen      total 515584K, used 485504K [0x0000000795580000, 0x00000007b8180000, 0x00000007c0000000)
  eden space 485376K, 100% used [0x0000000795580000,0x00000007b2f80000,0x00000007b2f80000)
  from space 30208K, 0% used [0x00000007b4d00000,0x00000007b4d20000,0x00000007b6a80000)
  to   space 30208K, 0% used [0x00000007b2f80000,0x00000007b2f80000,0x00000007b4d00000)
 ParOldGen       total 125440K, used 57033K [0x0000000740000000, 0x0000000747a80000, 0x0000000795580000)
  object space 125440K, 45% used [0x0000000740000000,0x00000007437b2620,0x0000000747a80000)
 Metaspace       used 19482K, capacity 19663K, committed 19968K, reserved 1067008K
  class space    used 1927K, capacity 1982K, committed 2048K, reserved 1048576K
Event: 19.207 GC heap after
Heap after GC invocations=14 (full 1):
 PSYoungGen      total 515584K, used 96K [0x0000000795580000, 0x00000007bde00000, 0x00000007c0000000)
  eden space 485376K, 0% used [0x0000000795580000,0x0000000795580000,0x00000007b2f80000)
  from space 30208K, 0% used [0x00000007b2f80000,0x00000007b2f98000,0x00000007b4d00000)
  to   space 29696K, 0% used [0x00000007bc100000,0x00000007bc100000,0x00000007bde00000)
 ParOldGen       total 125440K, used 57097K [0x0000000740000000, 0x0000000747a80000, 0x0000000795580000)
  object space 125440K, 45% used [0x0000000740000000,0x00000007437c2620,0x0000000747a80000)
 Metaspace       used 19482K, capacity 19663K, committed 19968K, reserved 1067008K
  class space    used 1927K, capacity 1982K, committed 2048K, reserved 1048576K
}
Event: 22.598 GC heap before
{Heap before GC invocations=15 (full 1):
 PSYoungGen      total 515584K, used 485472K [0x0000000795580000, 0x00000007bde00000, 0x00000007c0000000)
  eden space 485376K, 100% used [0x0000000795580000,0x00000007b2f80000,0x00000007b2f80000)
  from space 30208K, 0% used [0x00000007b2f80000,0x00000007b2f98000,0x00000007b4d00000)
  to   space 29696K, 0% used [0x00000007bc100000,0x00000007bc100000,0x00000007bde00000)
 ParOldGen       total 125440K, used 57097K [0x0000000740000000, 0x0000000747a80000, 0x0000000795580000)
  object space 125440K, 45% used [0x0000000740000000,0x00000007437c2620,0x0000000747a80000)
 Metaspace       used 19507K, capacity 19727K, committed 19968K, reserved 1067008K
  class space    used 1927K, capacity 1982K, committed 2048K, reserved 1048576K
Event: 22.599 GC heap after
Heap after GC invocations=15 (full 1):
 PSYoungGen      total 595456K, used 96K [0x0000000795580000, 0x00000007bca80000, 0x00000007c0000000)
  eden space 585728K, 0% used [0x0000000795580000,0x0000000795580000,0x00000007b9180000)
  from space 9728K, 0% used [0x00000007bc100000,0x00000007bc118000,0x00000007bca80000)
  to   space 29184K, 0% used [0x00000007b9180000,0x00000007b9180000,0x00000007bae00000)
 ParOldGen       total 125440K, used 57097K [0x0000000740000000, 0x0000000747a80000, 0x0000000795580000)
  object space 125440K, 45% used [0x0000000740000000,0x00000007437c2620,0x0000000747a80000)
 Metaspace       used 19507K, capacity 19727K, committed 19968K, reserved 1067008K
  class space    used 1927K, capacity 1982K, committed 2048K, reserved 1048576K
}

