# JRE version: Java(TM) SE Runtime Environment (8.0_73-b02) (build 1.8.0_73-b02)
# Java VM: Java HotSpot(TM) 64-Bit Server VM (25.73-b02 mixed mode bsd-amd64 compressed oops)
Heap:
 PSYoungGen      total 53760K, used 37017K [0x0000000795580000, 0x0000000799000000, 0x00000007c0000000)
  eden space 48640K, 65% used [0x0000000795580000,0x00000007974aa028,0x0000000798500000)
  from space 5120K, 99% used [0x0000000798b00000,0x0000000798ffc590,0x0000000799000000)
  to   space 5120K, 0% used [0x0000000798600000,0x0000000798600000,0x0000000798b00000)
 ParOldGen       total 66560K, used 21516K [0x0000000740000000, 0x0000000744100000, 0x0000000795580000)
  object space 66560K, 32% used [0x0000000740000000,0x0000000741503250,0x0000000744100000)
 Metaspace       used 23581K, capacity 23873K, committed 24192K, reserved 1071104K
  class space    used 2328K, capacity 2417K, committed 2432K, reserved 1048576K
GC Heap History (10 events):
Event: 3.871 GC heap before
{Heap before GC invocations=1 (full 0):
 PSYoungGen      total 38400K, used 33280K [0x0000000795580000, 0x0000000798000000, 0x00000007c0000000)
  eden space 33280K, 100% used [0x0000000795580000,0x0000000797600000,0x0000000797600000)
  from space 5120K, 0% used [0x0000000797b00000,0x0000000797b00000,0x0000000798000000)
  to   space 5120K, 0% used [0x0000000797600000,0x0000000797600000,0x0000000797b00000)
 ParOldGen       total 87552K, used 0K [0x0000000740000000, 0x0000000745580000, 0x0000000795580000)
  object space 87552K, 0% used [0x0000000740000000,0x0000000740000000,0x0000000745580000)
 Metaspace       used 16017K, capacity 16219K, committed 16384K, reserved 1064960K
  class space    used 1623K, capacity 1692K, committed 1792K, reserved 1048576K
Event: 3.879 GC heap after
Heap after GC invocations=1 (full 0):
 PSYoungGen      total 38400K, used 5111K [0x0000000795580000, 0x0000000798000000, 0x00000007c0000000)
  eden space 33280K, 0% used [0x0000000795580000,0x0000000795580000,0x0000000797600000)
  from space 5120K, 99% used [0x0000000797600000,0x0000000797afde00,0x0000000797b00000)
  to   space 5120K, 0% used [0x0000000797b00000,0x0000000797b00000,0x0000000798000000)
 ParOldGen       total 87552K, used 16K [0x0000000740000000, 0x0000000745580000, 0x0000000795580000)
  object space 87552K, 0% used [0x0000000740000000,0x0000000740004000,0x0000000745580000)
 Metaspace       used 16017K, capacity 16219K, committed 16384K, reserved 1064960K
  class space    used 1623K, capacity 1692K, committed 1792K, reserved 1048576K
}
Event: 5.171 GC heap before
{Heap before GC invocations=2 (full 0):
 PSYoungGen      total 38400K, used 29748K [0x0000000795580000, 0x0000000798000000, 0x00000007c0000000)
  eden space 33280K, 74% used [0x0000000795580000,0x0000000796d8f2a0,0x0000000797600000)
  from space 5120K, 99% used [0x0000000797600000,0x0000000797afde00,0x0000000797b00000)
  to   space 5120K, 0% used [0x0000000797b00000,0x0000000797b00000,0x0000000798000000)
 ParOldGen       total 87552K, used 16K [0x0000000740000000, 0x0000000745580000, 0x0000000795580000)
  object space 87552K, 0% used [0x0000000740000000,0x0000000740004000,0x0000000745580000)
 Metaspace       used 20801K, capacity 21077K, committed 21248K, reserved 1069056K
  class space    used 2131K, capacity 2255K, committed 2304K, reserved 1048576K
Event: 5.182 GC heap after
Heap after GC invocations=2 (full 0):
 PSYoungGen      total 38400K, used 5091K [0x0000000795580000, 0x0000000798000000, 0x00000007c0000000)
  eden space 33280K, 0% used [0x0000000795580000,0x0000000795580000,0x0000000797600000)
  from space 5120K, 99% used [0x0000000797b00000,0x0000000797ff8c00,0x0000000798000000)
  to   space 5120K, 0% used [0x0000000797600000,0x0000000797600000,0x0000000797b00000)
 ParOldGen       total 87552K, used 3890K [0x0000000740000000, 0x0000000745580000, 0x0000000795580000)
  object space 87552K, 4% used [0x0000000740000000,0x00000007403cc830,0x0000000745580000)
 Metaspace       used 20801K, capacity 21077K, committed 21248K, reserved 1069056K
  class space    used 2131K, capacity 2255K, committed 2304K, reserved 1048576K
}
Event: 5.182 GC heap before
{Heap before GC invocations=3 (full 1):
 PSYoungGen      total 38400K, used 5091K [0x0000000795580000, 0x0000000798000000, 0x00000007c0000000)
  eden space 33280K, 0% used [0x0000000795580000,0x0000000795580000,0x0000000797600000)
  from space 5120K, 99% used [0x0000000797b00000,0x0000000797ff8c00,0x0000000798000000)
  to   space 5120K, 0% used [0x0000000797600000,0x0000000797600000,0x0000000797b00000)
 ParOldGen       total 87552K, used 3890K [0x0000000740000000, 0x0000000745580000, 0x0000000795580000)
  object space 87552K, 4% used [0x0000000740000000,0x00000007403cc830,0x0000000745580000)
 Metaspace       used 20801K, capacity 21077K, committed 21248K, reserved 1069056K
  class space    used 2131K, capacity 2255K, committed 2304K, reserved 1048576K
Event: 5.219 GC heap after
Heap after GC invocations=3 (full 1):
 PSYoungGen      total 38400K, used 0K [0x0000000795580000, 0x0000000798000000, 0x00000007c0000000)
  eden space 33280K, 0% used [0x0000000795580000,0x0000000795580000,0x0000000797600000)
  from space 5120K, 0% used [0x0000000797b00000,0x0000000797b00000,0x0000000798000000)
  to   space 5120K, 0% used [0x0000000797600000,0x0000000797600000,0x0000000797b00000)
 ParOldGen       total 66560K, used 8787K [0x0000000740000000, 0x0000000744100000, 0x0000000795580000)
  object space 66560K, 13% used [0x0000000740000000,0x0000000740894f58,0x0000000744100000)
 Metaspace       used 20801K, capacity 21077K, committed 21248K, reserved 1069056K
  class space    used 2131K, capacity 2255K, committed 2304K, reserved 1048576K
}
Event: 6.107 GC heap before
{Heap before GC invocations=4 (full 1):
 PSYoungGen      total 38400K, used 33067K [0x0000000795580000, 0x0000000798000000, 0x00000007c0000000)
  eden space 33280K, 99% used [0x0000000795580000,0x00000007975caf08,0x0000000797600000)
  from space 5120K, 0% used [0x0000000797b00000,0x0000000797b00000,0x0000000798000000)
  to   space 5120K, 0% used [0x0000000797600000,0x0000000797600000,0x0000000797b00000)
 ParOldGen       total 66560K, used 8787K [0x0000000740000000, 0x0000000744100000, 0x0000000795580000)
  object space 66560K, 13% used [0x0000000740000000,0x0000000740894f58,0x0000000744100000)
 Metaspace       used 22980K, capacity 23291K, committed 23424K, reserved 1071104K
  class space    used 2319K, capacity 2416K, committed 2432K, reserved 1048576K
Event: 6.117 GC heap after
Heap after GC invocations=4 (full 1):
 PSYoungGen      total 38400K, used 5104K [0x0000000795580000, 0x0000000799000000, 0x00000007c0000000)
  eden space 33280K, 0% used [0x0000000795580000,0x0000000795580000,0x0000000797600000)
  from space 5120K, 99% used [0x0000000797600000,0x0000000797afc1c0,0x0000000797b00000)
  to   space 5120K, 0% used [0x0000000798b00000,0x0000000798b00000,0x0000000799000000)
 ParOldGen       total 66560K, used 16652K [0x0000000740000000, 0x0000000744100000, 0x0000000795580000)
  object space 66560K, 25% used [0x0000000740000000,0x00000007410430f0,0x0000000744100000)
 Metaspace       used 22980K, capacity 23291K, committed 23424K, reserved 1071104K
  class space    used 2319K, capacity 2416K, committed 2432K, reserved 1048576K
}
Event: 8.684 GC heap before
{Heap before GC invocations=5 (full 1):
 PSYoungGen      total 38400K, used 38299K [0x0000000795580000, 0x0000000799000000, 0x00000007c0000000)
  eden space 33280K, 99% used [0x0000000795580000,0x00000007975eae08,0x0000000797600000)
  from space 5120K, 99% used [0x0000000797600000,0x0000000797afc1c0,0x0000000797b00000)
  to   space 5120K, 0% used [0x0000000798b00000,0x0000000798b00000,0x0000000799000000)
 ParOldGen       total 66560K, used 16652K [0x0000000740000000, 0x0000000744100000, 0x0000000795580000)
  object space 66560K, 25% used [0x0000000740000000,0x00000007410430f0,0x0000000744100000)
 Metaspace       used 23338K, capacity 23617K, committed 23936K, reserved 1071104K
  class space    used 2321K, capacity 2417K, committed 2432K, reserved 1048576K
Event: 8.692 GC heap after
Heap after GC invocations=5 (full 1):
 PSYoungGen      total 53760K, used 5105K [0x0000000795580000, 0x0000000799000000, 0x00000007c0000000)
  eden space 48640K, 0% used [0x0000000795580000,0x0000000795580000,0x0000000798500000)
  from space 5120K, 99% used [0x0000000798b00000,0x0000000798ffc590,0x0000000799000000)
  to   space 5120K, 0% used [0x0000000798600000,0x0000000798600000,0x0000000798b00000)
 ParOldGen       total 66560K, used 21516K [0x0000000740000000, 0x0000000744100000, 0x0000000795580000)
  object space 66560K, 32% used [0x0000000740000000,0x0000000741503250,0x0000000744100000)
 Metaspace       used 23338K, capacity 23617K, committed 23936K, reserved 1071104K
  class space    used 2321K, capacity 2417K, committed 2432K, reserved 1048576K
}

