# JRE version: Java(TM) SE Runtime Environment (8.0_73-b02) (build 1.8.0_73-b02)
# Java VM: Java HotSpot(TM) 64-Bit Server VM (25.73-b02 mixed mode bsd-amd64 compressed oops)
Heap:
 PSYoungGen      total 78848K, used 26771K [0x000000076ab00000, 0x0000000770d00000, 0x00000007c0000000)
  eden space 60416K, 29% used [0x000000076ab00000,0x000000076bc38af8,0x000000076e600000)
  from space 18432K, 49% used [0x000000076fb00000,0x00000007703ec260,0x0000000770d00000)
  to   space 19968K, 0% used [0x000000076e600000,0x000000076e600000,0x000000076f980000)
 ParOldGen       total 175104K, used 25287K [0x00000006c0000000, 0x00000006cab00000, 0x000000076ab00000)
  object space 175104K, 14% used [0x00000006c0000000,0x00000006c18b1e70,0x00000006cab00000)
 Metaspace       used 19429K, capacity 19633K, committed 19968K, reserved 1067008K
  class space    used 1877K, capacity 1955K, committed 2048K, reserved 1048576K
GC Heap History (10 events):
Event: 18.919 GC heap before
{Heap before GC invocations=4 (full 0):
 PSYoungGen      total 76288K, used 76261K [0x000000076ab00000, 0x0000000770000000, 0x00000007c0000000)
  eden space 65536K, 100% used [0x000000076ab00000,0x000000076eb00000,0x000000076eb00000)
  from space 10752K, 99% used [0x000000076eb00000,0x000000076f579540,0x000000076f580000)
  to   space 10752K, 0% used [0x000000076f580000,0x000000076f580000,0x0000000770000000)
 ParOldGen       total 175104K, used 15041K [0x00000006c0000000, 0x00000006cab00000, 0x000000076ab00000)
  object space 175104K, 8% used [0x00000006c0000000,0x00000006c0eb0630,0x00000006cab00000)
 Metaspace       used 19190K, capacity 19409K, committed 19712K, reserved 1067008K
  class space    used 1864K, capacity 1923K, committed 2048K, reserved 1048576K
Event: 18.927 GC heap after
Heap after GC invocations=4 (full 0):
 PSYoungGen      total 76288K, used 10339K [0x000000076ab00000, 0x0000000770000000, 0x00000007c0000000)
  eden space 65536K, 0% used [0x000000076ab00000,0x000000076ab00000,0x000000076eb00000)
  from space 10752K, 96% used [0x000000076f580000,0x000000076ff98d80,0x0000000770000000)
  to   space 10752K, 0% used [0x000000076eb00000,0x000000076eb00000,0x000000076f580000)
 ParOldGen       total 175104K, used 15049K [0x00000006c0000000, 0x00000006cab00000, 0x000000076ab00000)
  object space 175104K, 8% used [0x00000006c0000000,0x00000006c0eb2630,0x00000006cab00000)
 Metaspace       used 19190K, capacity 19409K, committed 19712K, reserved 1067008K
  class space    used 1864K, capacity 1923K, committed 2048K, reserved 1048576K
}
Event: 29.204 GC heap before
{Heap before GC invocations=5 (full 0):
 PSYoungGen      total 76288K, used 75875K [0x000000076ab00000, 0x0000000770000000, 0x00000007c0000000)
  eden space 65536K, 100% used [0x000000076ab00000,0x000000076eb00000,0x000000076eb00000)
  from space 10752K, 96% used [0x000000076f580000,0x000000076ff98d80,0x0000000770000000)
  to   space 10752K, 0% used [0x000000076eb00000,0x000000076eb00000,0x000000076f580000)
 ParOldGen       total 175104K, used 15049K [0x00000006c0000000, 0x00000006cab00000, 0x000000076ab00000)
  object space 175104K, 8% used [0x00000006c0000000,0x00000006c0eb2630,0x00000006cab00000)
 Metaspace       used 19192K, capacity 19409K, committed 19712K, reserved 1067008K
  class space    used 1865K, capacity 1923K, committed 2048K, reserved 1048576K
Event: 29.212 GC heap after
Heap after GC invocations=5 (full 0):
 PSYoungGen      total 74752K, used 10245K [0x000000076ab00000, 0x0000000771180000, 0x00000007c0000000)
  eden space 64000K, 0% used [0x000000076ab00000,0x000000076ab00000,0x000000076e980000)
  from space 10752K, 95% used [0x000000076eb00000,0x000000076f5014a0,0x000000076f580000)
  to   space 20480K, 0% used [0x000000076fd80000,0x000000076fd80000,0x0000000771180000)
 ParOldGen       total 175104K, used 15049K [0x00000006c0000000, 0x00000006cab00000, 0x000000076ab00000)
  object space 175104K, 8% used [0x00000006c0000000,0x00000006c0eb2630,0x00000006cab00000)
 Metaspace       used 19192K, capacity 19409K, committed 19712K, reserved 1067008K
  class space    used 1865K, capacity 1923K, committed 2048K, reserved 1048576K
}
Event: 39.168 GC heap before
{Heap before GC invocations=6 (full 0):
 PSYoungGen      total 74752K, used 74245K [0x000000076ab00000, 0x0000000771180000, 0x00000007c0000000)
  eden space 64000K, 100% used [0x000000076ab00000,0x000000076e980000,0x000000076e980000)
  from space 10752K, 95% used [0x000000076eb00000,0x000000076f5014a0,0x000000076f580000)
  to   space 20480K, 0% used [0x000000076fd80000,0x000000076fd80000,0x0000000771180000)
 ParOldGen       total 175104K, used 15049K [0x00000006c0000000, 0x00000006cab00000, 0x000000076ab00000)
  object space 175104K, 8% used [0x00000006c0000000,0x00000006c0eb2630,0x00000006cab00000)
 Metaspace       used 19204K, capacity 19409K, committed 19712K, reserved 1067008K
  class space    used 1865K, capacity 1923K, committed 2048K, reserved 1048576K
Event: 39.179 GC heap after
Heap after GC invocations=6 (full 0):
 PSYoungGen      total 81408K, used 10325K [0x000000076ab00000, 0x0000000771000000, 0x00000007c0000000)
  eden space 62464K, 0% used [0x000000076ab00000,0x000000076ab00000,0x000000076e800000)
  from space 18944K, 54% used [0x000000076fd80000,0x00000007707954b0,0x0000000771000000)
  to   space 20480K, 0% used [0x000000076e800000,0x000000076e800000,0x000000076fc00000)
 ParOldGen       total 175104K, used 15057K [0x00000006c0000000, 0x00000006cab00000, 0x000000076ab00000)
  object space 175104K, 8% used [0x00000006c0000000,0x00000006c0eb4630,0x00000006cab00000)
 Metaspace       used 19204K, capacity 19409K, committed 19712K, reserved 1067008K
  class space    used 1865K, capacity 1923K, committed 2048K, reserved 1048576K
}
Event: 45.953 GC heap before
{Heap before GC invocations=7 (full 0):
 PSYoungGen      total 81408K, used 72789K [0x000000076ab00000, 0x0000000771000000, 0x00000007c0000000)
  eden space 62464K, 100% used [0x000000076ab00000,0x000000076e800000,0x000000076e800000)
  from space 18944K, 54% used [0x000000076fd80000,0x00000007707954b0,0x0000000771000000)
  to   space 20480K, 0% used [0x000000076e800000,0x000000076e800000,0x000000076fc00000)
 ParOldGen       total 175104K, used 15057K [0x00000006c0000000, 0x00000006cab00000, 0x000000076ab00000)
  object space 175104K, 8% used [0x00000006c0000000,0x00000006c0eb4630,0x00000006cab00000)
 Metaspace       used 19272K, capacity 19473K, committed 19712K, reserved 1067008K
  class space    used 1868K, capacity 1923K, committed 2048K, reserved 1048576K
Event: 45.963 GC heap after
Heap after GC invocations=7 (full 0):
 PSYoungGen      total 69120K, used 7568K [0x000000076ab00000, 0x0000000770f00000, 0x00000007c0000000)
  eden space 61440K, 0% used [0x000000076ab00000,0x000000076ab00000,0x000000076e700000)
  from space 7680K, 98% used [0x000000076e800000,0x000000076ef64200,0x000000076ef80000)
  to   space 20480K, 0% used [0x000000076fb00000,0x000000076fb00000,0x0000000770f00000)
 ParOldGen       total 175104K, used 21831K [0x00000006c0000000, 0x00000006cab00000, 0x000000076ab00000)
  object space 175104K, 12% used [0x00000006c0000000,0x00000006c1551da0,0x00000006cab00000)
 Metaspace       used 19272K, capacity 19473K, committed 19712K, reserved 1067008K
  class space    used 1868K, capacity 1923K, committed 2048K, reserved 1048576K
}
Event: 51.670 GC heap before
{Heap before GC invocations=8 (full 0):
 PSYoungGen      total 69120K, used 69008K [0x000000076ab00000, 0x0000000770f00000, 0x00000007c0000000)
  eden space 61440K, 100% used [0x000000076ab00000,0x000000076e700000,0x000000076e700000)
  from space 7680K, 98% used [0x000000076e800000,0x000000076ef64200,0x000000076ef80000)
  to   space 20480K, 0% used [0x000000076fb00000,0x000000076fb00000,0x0000000770f00000)
 ParOldGen       total 175104K, used 21831K [0x00000006c0000000, 0x00000006cab00000, 0x000000076ab00000)
  object space 175104K, 12% used [0x00000006c0000000,0x00000006c1551da0,0x00000006cab00000)
 Metaspace       used 19400K, capacity 19633K, committed 19968K, reserved 1067008K
  class space    used 1871K, capacity 1955K, committed 2048K, reserved 1048576K
Event: 51.674 GC heap after
Heap after GC invocations=8 (full 0):
 PSYoungGen      total 78848K, used 9136K [0x000000076ab00000, 0x0000000770d00000, 0x00000007c0000000)
  eden space 60416K, 0% used [0x000000076ab00000,0x000000076ab00000,0x000000076e600000)
  from space 18432K, 49% used [0x000000076fb00000,0x00000007703ec260,0x0000000770d00000)
  to   space 19968K, 0% used [0x000000076e600000,0x000000076e600000,0x000000076f980000)
 ParOldGen       total 175104K, used 25287K [0x00000006c0000000, 0x00000006cab00000, 0x000000076ab00000)
  object space 175104K, 14% used [0x00000006c0000000,0x00000006c18b1e70,0x00000006cab00000)
 Metaspace       used 19400K, capacity 19633K, committed 19968K, reserved 1067008K
  class space    used 1871K, capacity 1955K, committed 2048K, reserved 1048576K
}

