# JRE version: Java(TM) SE Runtime Environment (8.0_73-b02) (build 1.8.0_73-b02)
# Java VM: Java HotSpot(TM) 64-Bit Server VM (25.73-b02 mixed mode bsd-amd64 compressed oops)
Heap:
 PSYoungGen      total 52224K, used 11992K [0x0000000795580000, 0x0000000798f80000, 0x00000007c0000000)
  eden space 47104K, 14% used [0x0000000795580000,0x0000000795c417a0,0x0000000798380000)
  from space 5120K, 99% used [0x0000000798a80000,0x0000000798f74b10,0x0000000798f80000)
  to   space 5120K, 0% used [0x0000000798580000,0x0000000798580000,0x0000000798a80000)
 ParOldGen       total 68096K, used 16908K [0x0000000740000000, 0x0000000744280000, 0x0000000795580000)
  object space 68096K, 24% used [0x0000000740000000,0x0000000741083238,0x0000000744280000)
 Metaspace       used 23741K, capacity 24033K, committed 24320K, reserved 1071104K
  class space    used 2339K, capacity 2449K, committed 2560K, reserved 1048576K
GC Heap History (10 events):
Event: 3.067 GC heap before
{Heap before GC invocations=1 (full 0):
 PSYoungGen      total 38400K, used 33280K [0x0000000795580000, 0x0000000798000000, 0x00000007c0000000)
  eden space 33280K, 100% used [0x0000000795580000,0x0000000797600000,0x0000000797600000)
  from space 5120K, 0% used [0x0000000797b00000,0x0000000797b00000,0x0000000798000000)
  to   space 5120K, 0% used [0x0000000797600000,0x0000000797600000,0x0000000797b00000)
 ParOldGen       total 87552K, used 0K [0x0000000740000000, 0x0000000745580000, 0x0000000795580000)
  object space 87552K, 0% used [0x0000000740000000,0x0000000740000000,0x0000000745580000)
 Metaspace       used 15984K, capacity 16155K, committed 16384K, reserved 1064960K
  class space    used 1620K, capacity 1692K, committed 1792K, reserved 1048576K
Event: 3.074 GC heap after
Heap after GC invocations=1 (full 0):
 PSYoungGen      total 38400K, used 5113K [0x0000000795580000, 0x0000000798000000, 0x00000007c0000000)
  eden space 33280K, 0% used [0x0000000795580000,0x0000000795580000,0x0000000797600000)
  from space 5120K, 99% used [0x0000000797600000,0x0000000797afe7d8,0x0000000797b00000)
  to   space 5120K, 0% used [0x0000000797b00000,0x0000000797b00000,0x0000000798000000)
 ParOldGen       total 87552K, used 16K [0x0000000740000000, 0x0000000745580000, 0x0000000795580000)
  object space 87552K, 0% used [0x0000000740000000,0x0000000740004000,0x0000000745580000)
 Metaspace       used 15984K, capacity 16155K, committed 16384K, reserved 1064960K
  class space    used 1620K, capacity 1692K, committed 1792K, reserved 1048576K
}
Event: 4.144 GC heap before
{Heap before GC invocations=2 (full 0):
 PSYoungGen      total 38400K, used 29700K [0x0000000795580000, 0x0000000798000000, 0x00000007c0000000)
  eden space 33280K, 73% used [0x0000000795580000,0x0000000796d82858,0x0000000797600000)
  from space 5120K, 99% used [0x0000000797600000,0x0000000797afe7d8,0x0000000797b00000)
  to   space 5120K, 0% used [0x0000000797b00000,0x0000000797b00000,0x0000000798000000)
 ParOldGen       total 87552K, used 16K [0x0000000740000000, 0x0000000745580000, 0x0000000795580000)
  object space 87552K, 0% used [0x0000000740000000,0x0000000740004000,0x0000000745580000)
 Metaspace       used 20808K, capacity 21073K, committed 21248K, reserved 1069056K
  class space    used 2136K, capacity 2255K, committed 2304K, reserved 1048576K
Event: 4.155 GC heap after
Heap after GC invocations=2 (full 0):
 PSYoungGen      total 38400K, used 5106K [0x0000000795580000, 0x0000000798000000, 0x00000007c0000000)
  eden space 33280K, 0% used [0x0000000795580000,0x0000000795580000,0x0000000797600000)
  from space 5120K, 99% used [0x0000000797b00000,0x0000000797ffc950,0x0000000798000000)
  to   space 5120K, 0% used [0x0000000797600000,0x0000000797600000,0x0000000797b00000)
 ParOldGen       total 87552K, used 3844K [0x0000000740000000, 0x0000000745580000, 0x0000000795580000)
  object space 87552K, 4% used [0x0000000740000000,0x00000007403c1068,0x0000000745580000)
 Metaspace       used 20808K, capacity 21073K, committed 21248K, reserved 1069056K
  class space    used 2136K, capacity 2255K, committed 2304K, reserved 1048576K
}
Event: 4.155 GC heap before
{Heap before GC invocations=3 (full 1):
 PSYoungGen      total 38400K, used 5106K [0x0000000795580000, 0x0000000798000000, 0x00000007c0000000)
  eden space 33280K, 0% used [0x0000000795580000,0x0000000795580000,0x0000000797600000)
  from space 5120K, 99% used [0x0000000797b00000,0x0000000797ffc950,0x0000000798000000)
  to   space 5120K, 0% used [0x0000000797600000,0x0000000797600000,0x0000000797b00000)
 ParOldGen       total 87552K, used 3844K [0x0000000740000000, 0x0000000745580000, 0x0000000795580000)
  object space 87552K, 4% used [0x0000000740000000,0x00000007403c1068,0x0000000745580000)
 Metaspace       used 20808K, capacity 21073K, committed 21248K, reserved 1069056K
  class space    used 2136K, capacity 2255K, committed 2304K, reserved 1048576K
Event: 4.196 GC heap after
Heap after GC invocations=3 (full 1):
 PSYoungGen      total 38400K, used 0K [0x0000000795580000, 0x0000000798000000, 0x00000007c0000000)
  eden space 33280K, 0% used [0x0000000795580000,0x0000000795580000,0x0000000797600000)
  from space 5120K, 0% used [0x0000000797b00000,0x0000000797b00000,0x0000000798000000)
  to   space 5120K, 0% used [0x0000000797600000,0x0000000797600000,0x0000000797b00000)
 ParOldGen       total 68096K, used 8775K [0x0000000740000000, 0x0000000744280000, 0x0000000795580000)
  object space 68096K, 12% used [0x0000000740000000,0x0000000740891e10,0x0000000744280000)
 Metaspace       used 20808K, capacity 21073K, committed 21248K, reserved 1069056K
  class space    used 2136K, capacity 2255K, committed 2304K, reserved 1048576K
}
Event: 4.952 GC heap before
{Heap before GC invocations=4 (full 1):
 PSYoungGen      total 38400K, used 33222K [0x0000000795580000, 0x0000000798000000, 0x00000007c0000000)
  eden space 33280K, 99% used [0x0000000795580000,0x00000007975f1b70,0x0000000797600000)
  from space 5120K, 0% used [0x0000000797b00000,0x0000000797b00000,0x0000000798000000)
  to   space 5120K, 0% used [0x0000000797600000,0x0000000797600000,0x0000000797b00000)
 ParOldGen       total 68096K, used 8775K [0x0000000740000000, 0x0000000744280000, 0x0000000795580000)
  object space 68096K, 12% used [0x0000000740000000,0x0000000740891e10,0x0000000744280000)
 Metaspace       used 23059K, capacity 23317K, committed 23552K, reserved 1071104K
  class space    used 2330K, capacity 2447K, committed 2560K, reserved 1048576K
Event: 4.964 GC heap after
Heap after GC invocations=4 (full 1):
 PSYoungGen      total 38400K, used 5106K [0x0000000795580000, 0x0000000798f80000, 0x00000007c0000000)
  eden space 33280K, 0% used [0x0000000795580000,0x0000000795580000,0x0000000797600000)
  from space 5120K, 99% used [0x0000000797600000,0x0000000797afcb30,0x0000000797b00000)
  to   space 5120K, 0% used [0x0000000798a80000,0x0000000798a80000,0x0000000798f80000)
 ParOldGen       total 68096K, used 16900K [0x0000000740000000, 0x0000000744280000, 0x0000000795580000)
  object space 68096K, 24% used [0x0000000740000000,0x0000000741081238,0x0000000744280000)
 Metaspace       used 23059K, capacity 23317K, committed 23552K, reserved 1071104K
  class space    used 2330K, capacity 2447K, committed 2560K, reserved 1048576K
}
Event: 11.337 GC heap before
{Heap before GC invocations=5 (full 1):
 PSYoungGen      total 38400K, used 38386K [0x0000000795580000, 0x0000000798f80000, 0x00000007c0000000)
  eden space 33280K, 100% used [0x0000000795580000,0x0000000797600000,0x0000000797600000)
  from space 5120K, 99% used [0x0000000797600000,0x0000000797afcb30,0x0000000797b00000)
  to   space 5120K, 0% used [0x0000000798a80000,0x0000000798a80000,0x0000000798f80000)
 ParOldGen       total 68096K, used 16900K [0x0000000740000000, 0x0000000744280000, 0x0000000795580000)
  object space 68096K, 24% used [0x0000000740000000,0x0000000741081238,0x0000000744280000)
 Metaspace       used 23666K, capacity 23905K, committed 24320K, reserved 1071104K
  class space    used 2331K, capacity 2449K, committed 2560K, reserved 1048576K
Event: 11.342 GC heap after
Heap after GC invocations=5 (full 1):
 PSYoungGen      total 52224K, used 5074K [0x0000000795580000, 0x0000000798f80000, 0x00000007c0000000)
  eden space 47104K, 0% used [0x0000000795580000,0x0000000795580000,0x0000000798380000)
  from space 5120K, 99% used [0x0000000798a80000,0x0000000798f74b10,0x0000000798f80000)
  to   space 5120K, 0% used [0x0000000798580000,0x0000000798580000,0x0000000798a80000)
 ParOldGen       total 68096K, used 16908K [0x0000000740000000, 0x0000000744280000, 0x0000000795580000)
  object space 68096K, 24% used [0x0000000740000000,0x0000000741083238,0x0000000744280000)
 Metaspace       used 23666K, capacity 23905K, committed 24320K, reserved 1071104K
  class space    used 2331K, capacity 2449K, committed 2560K, reserved 1048576K
}

