# JRE version: Java(TM) SE Runtime Environment (8.0_73-b02) (build 1.8.0_73-b02)
# Java VM: Java HotSpot(TM) 64-Bit Server VM (25.73-b02 mixed mode bsd-amd64 compressed oops)
Heap:
 PSYoungGen      total 38400K, used 23688K [0x0000000795580000, 0x0000000798f00000, 0x00000007c0000000)
  eden space 33280K, 55% used [0x0000000795580000,0x00000007967aa0e8,0x0000000797600000)
  from space 5120K, 99% used [0x0000000797600000,0x0000000797af8180,0x0000000797b00000)
  to   space 5120K, 0% used [0x0000000798a00000,0x0000000798a00000,0x0000000798f00000)
 ParOldGen       total 68608K, used 15116K [0x0000000740000000, 0x0000000744300000, 0x0000000795580000)
  object space 68608K, 22% used [0x0000000740000000,0x0000000740ec3100,0x0000000744300000)
 Metaspace       used 23380K, capacity 23645K, committed 24064K, reserved 1071104K
  class space    used 2335K, capacity 2449K, committed 2560K, reserved 1048576K
GC Heap History (8 events):
Event: 3.878 GC heap before
{Heap before GC invocations=1 (full 0):
 PSYoungGen      total 38400K, used 33280K [0x0000000795580000, 0x0000000798000000, 0x00000007c0000000)
  eden space 33280K, 100% used [0x0000000795580000,0x0000000797600000,0x0000000797600000)
  from space 5120K, 0% used [0x0000000797b00000,0x0000000797b00000,0x0000000798000000)
  to   space 5120K, 0% used [0x0000000797600000,0x0000000797600000,0x0000000797b00000)
 ParOldGen       total 87552K, used 0K [0x0000000740000000, 0x0000000745580000, 0x0000000795580000)
  object space 87552K, 0% used [0x0000000740000000,0x0000000740000000,0x0000000745580000)
 Metaspace       used 16017K, capacity 16215K, committed 16384K, reserved 1064960K
  class space    used 1623K, capacity 1692K, committed 1792K, reserved 1048576K
Event: 3.886 GC heap after
Heap after GC invocations=1 (full 0):
 PSYoungGen      total 38400K, used 5103K [0x0000000795580000, 0x0000000798000000, 0x00000007c0000000)
  eden space 33280K, 0% used [0x0000000795580000,0x0000000795580000,0x0000000797600000)
  from space 5120K, 99% used [0x0000000797600000,0x0000000797afbd20,0x0000000797b00000)
  to   space 5120K, 0% used [0x0000000797b00000,0x0000000797b00000,0x0000000798000000)
 ParOldGen       total 87552K, used 61K [0x0000000740000000, 0x0000000745580000, 0x0000000795580000)
  object space 87552K, 0% used [0x0000000740000000,0x000000074000f7d8,0x0000000745580000)
 Metaspace       used 16017K, capacity 16215K, committed 16384K, reserved 1064960K
  class space    used 1623K, capacity 1692K, committed 1792K, reserved 1048576K
}
Event: 5.795 GC heap before
{Heap before GC invocations=2 (full 0):
 PSYoungGen      total 38400K, used 30025K [0x0000000795580000, 0x0000000798000000, 0x00000007c0000000)
  eden space 33280K, 74% used [0x0000000795580000,0x0000000796dd6738,0x0000000797600000)
  from space 5120K, 99% used [0x0000000797600000,0x0000000797afbd20,0x0000000797b00000)
  to   space 5120K, 0% used [0x0000000797b00000,0x0000000797b00000,0x0000000798000000)
 ParOldGen       total 87552K, used 61K [0x0000000740000000, 0x0000000745580000, 0x0000000795580000)
  object space 87552K, 0% used [0x0000000740000000,0x000000074000f7d8,0x0000000745580000)
 Metaspace       used 20803K, capacity 21073K, committed 21248K, reserved 1069056K
  class space    used 2135K, capacity 2255K, committed 2304K, reserved 1048576K
Event: 5.810 GC heap after
Heap after GC invocations=2 (full 0):
 PSYoungGen      total 38400K, used 5091K [0x0000000795580000, 0x0000000798000000, 0x00000007c0000000)
  eden space 33280K, 0% used [0x0000000795580000,0x0000000795580000,0x0000000797600000)
  from space 5120K, 99% used [0x0000000797b00000,0x0000000797ff8e40,0x0000000798000000)
  to   space 5120K, 0% used [0x0000000797600000,0x0000000797600000,0x0000000797b00000)
 ParOldGen       total 87552K, used 3965K [0x0000000740000000, 0x0000000745580000, 0x0000000795580000)
  object space 87552K, 4% used [0x0000000740000000,0x00000007403df538,0x0000000745580000)
 Metaspace       used 20803K, capacity 21073K, committed 21248K, reserved 1069056K
  class space    used 2135K, capacity 2255K, committed 2304K, reserved 1048576K
}
Event: 5.810 GC heap before
{Heap before GC invocations=3 (full 1):
 PSYoungGen      total 38400K, used 5091K [0x0000000795580000, 0x0000000798000000, 0x00000007c0000000)
  eden space 33280K, 0% used [0x0000000795580000,0x0000000795580000,0x0000000797600000)
  from space 5120K, 99% used [0x0000000797b00000,0x0000000797ff8e40,0x0000000798000000)
  to   space 5120K, 0% used [0x0000000797600000,0x0000000797600000,0x0000000797b00000)
 ParOldGen       total 87552K, used 3965K [0x0000000740000000, 0x0000000745580000, 0x0000000795580000)
  object space 87552K, 4% used [0x0000000740000000,0x00000007403df538,0x0000000745580000)
 Metaspace       used 20803K, capacity 21073K, committed 21248K, reserved 1069056K
  class space    used 2135K, capacity 2255K, committed 2304K, reserved 1048576K
Event: 5.858 GC heap after
Heap after GC invocations=3 (full 1):
 PSYoungGen      total 38400K, used 0K [0x0000000795580000, 0x0000000798000000, 0x00000007c0000000)
  eden space 33280K, 0% used [0x0000000795580000,0x0000000795580000,0x0000000797600000)
  from space 5120K, 0% used [0x0000000797b00000,0x0000000797b00000,0x0000000798000000)
  to   space 5120K, 0% used [0x0000000797600000,0x0000000797600000,0x0000000797b00000)
 ParOldGen       total 68608K, used 8790K [0x0000000740000000, 0x0000000744300000, 0x0000000795580000)
  object space 68608K, 12% used [0x0000000740000000,0x0000000740895910,0x0000000744300000)
 Metaspace       used 20803K, capacity 21073K, committed 21248K, reserved 1069056K
  class space    used 2135K, capacity 2255K, committed 2304K, reserved 1048576K
}
Event: 7.669 GC heap before
{Heap before GC invocations=4 (full 1):
 PSYoungGen      total 38400K, used 33243K [0x0000000795580000, 0x0000000798000000, 0x00000007c0000000)
  eden space 33280K, 99% used [0x0000000795580000,0x00000007975f6e60,0x0000000797600000)
  from space 5120K, 0% used [0x0000000797b00000,0x0000000797b00000,0x0000000798000000)
  to   space 5120K, 0% used [0x0000000797600000,0x0000000797600000,0x0000000797b00000)
 ParOldGen       total 68608K, used 8790K [0x0000000740000000, 0x0000000744300000, 0x0000000795580000)
  object space 68608K, 12% used [0x0000000740000000,0x0000000740895910,0x0000000744300000)
 Metaspace       used 23200K, capacity 23421K, committed 23680K, reserved 1071104K
  class space    used 2327K, capacity 2417K, committed 2432K, reserved 1048576K
Event: 7.689 GC heap after
Heap after GC invocations=4 (full 1):
 PSYoungGen      total 38400K, used 5088K [0x0000000795580000, 0x0000000798f00000, 0x00000007c0000000)
  eden space 33280K, 0% used [0x0000000795580000,0x0000000795580000,0x0000000797600000)
  from space 5120K, 99% used [0x0000000797600000,0x0000000797af8180,0x0000000797b00000)
  to   space 5120K, 0% used [0x0000000798a00000,0x0000000798a00000,0x0000000798f00000)
 ParOldGen       total 68608K, used 15116K [0x0000000740000000, 0x0000000744300000, 0x0000000795580000)
  object space 68608K, 22% used [0x0000000740000000,0x0000000740ec3100,0x0000000744300000)
 Metaspace       used 23200K, capacity 23421K, committed 23680K, reserved 1071104K
  class space    used 2327K, capacity 2417K, committed 2432K, reserved 1048576K
}

